<?xml version="1.0" encoding="UTF-8"?>
<!-- Generated by org.testng.reporters.JUnitXMLReporter -->
<testsuite ignored="1" hostname="DESKTOP-TUU9F5D" failures="0" tests="14" name="Default test" time="77.289" errors="0" timestamp="2025-01-24T21:28:49 EET">
  <testcase classname="MyTestCases.MainTest" name="RadioButton" time="0.173"/>
  <testcase classname="MyTestCases.MainTest" name="RadioButton" time="0.293"/>
  <testcase classname="MyTestCases.MainTest" name="RadioButton" time="0.283"/>
  <testcase classname="MyTestCases.MainTest" name="Checkbox" time="0.367"/>
  <testcase classname="MyTestCases.MainTest" name="DynamicDropdown" time="2.402"/>
  <testcase classname="MyTestCases.MainTest" name="StaticDropdown" time="0.652"/>
  <testcase classname="MyTestCases.MainTest" name="SwitchWindow" time="12.789"/>
  <testcase classname="MyTestCases.MainTest" name="SwitchTab" time="0.717"/>
  <testcase classname="MyTestCases.MainTest" name="SwitchAlert" time="0.895"/>
  <testcase classname="MyTestCases.MainTest" name="Calendar" time="4.186"/>
  <testcase classname="MyTestCases.MainTest" name="ElementDisplaye" time="0.617"/>
  <testcase classname="MyTestCases.MainTest" name="EnabledDisabled" time="0.78"/>
  <testcase classname="MyTestCases.MainTest" name="MouseHover" time="6.482"/>
  <testcase classname="MyTestCases.MainTest" name="iFrame" time="0.109"/>
  <testcase classname="MyTestCases.MainTest" name="WebTable" time="0.0">
    <ignored/>
  </testcase> <!-- WebTable -->
</testsuite> <!-- Default test -->
