<?xml version="1.0" encoding="UTF-8"?>
<testng-results ignored="1" total="15" passed="14" failed="0" skipped="0">
  <reporter-output>
  </reporter-output>
  <suite started-at="2025-01-24T21:27:32 EET" name="Default suite" finished-at="2025-01-24T21:28:49 EET" duration-ms="77289">
    <groups>
    </groups>
    <test started-at="2025-01-24T21:27:32 EET" name="Default test" finished-at="2025-01-24T21:28:49 EET" duration-ms="77289">
      <class name="MyTestCases.MainTest">
        <test-method is-config="true" signature="MySetyp()[pri:0, instance:MyTestCases.MainTest@73a2e526]" started-at="2025-01-24T21:27:32 EET" name="MySetyp" finished-at="2025-01-24T21:27:46 EET" duration-ms="13935" status="PASS">
          <reporter-output>
          </reporter-output>
        </test-method> <!-- MySetyp -->
        <test-method is-config="true" signature="BeforeAnyTest()[pri:0, instance:MyTestCases.MainTest@73a2e526]" started-at="2025-01-24T21:27:46 EET" name="BeforeAnyTest" finished-at="2025-01-24T21:27:48 EET" duration-ms="2014" status="PASS">
          <reporter-output>
          </reporter-output>
        </test-method> <!-- BeforeAnyTest -->
        <test-method signature="RadioButton()[pri:1, instance:MyTestCases.MainTest@73a2e526]" started-at="2025-01-24T21:27:48 EET" name="RadioButton" description="Radio Button" finished-at="2025-01-24T21:27:48 EET" duration-ms="173" status="PASS">
          <reporter-output>
          </reporter-output>
        </test-method> <!-- RadioButton -->
        <test-method is-config="true" signature="BeforeAnyTest()[pri:0, instance:MyTestCases.MainTest@73a2e526]" started-at="2025-01-24T21:27:48 EET" name="BeforeAnyTest" finished-at="2025-01-24T21:27:50 EET" duration-ms="2015" status="PASS">
          <reporter-output>
          </reporter-output>
        </test-method> <!-- BeforeAnyTest -->
        <test-method signature="RadioButton()[pri:1, instance:MyTestCases.MainTest@73a2e526]" started-at="2025-01-24T21:27:50 EET" name="RadioButton" description="Radio Button" finished-at="2025-01-24T21:27:50 EET" duration-ms="293" status="PASS">
          <reporter-output>
          </reporter-output>
        </test-method> <!-- RadioButton -->
        <test-method is-config="true" signature="BeforeAnyTest()[pri:0, instance:MyTestCases.MainTest@73a2e526]" started-at="2025-01-24T21:27:51 EET" name="BeforeAnyTest" finished-at="2025-01-24T21:27:53 EET" duration-ms="2004" status="PASS">
          <reporter-output>
          </reporter-output>
        </test-method> <!-- BeforeAnyTest -->
        <test-method signature="RadioButton()[pri:1, instance:MyTestCases.MainTest@73a2e526]" started-at="2025-01-24T21:27:53 EET" name="RadioButton" description="Radio Button" finished-at="2025-01-24T21:27:53 EET" duration-ms="283" status="PASS">
          <reporter-output>
          </reporter-output>
        </test-method> <!-- RadioButton -->
        <test-method is-config="true" signature="BeforeAnyTest()[pri:0, instance:MyTestCases.MainTest@73a2e526]" started-at="2025-01-24T21:27:53 EET" name="BeforeAnyTest" finished-at="2025-01-24T21:27:55 EET" duration-ms="2010" status="PASS">
          <reporter-output>
          </reporter-output>
        </test-method> <!-- BeforeAnyTest -->
        <test-method signature="Checkbox()[pri:2, instance:MyTestCases.MainTest@73a2e526]" started-at="2025-01-24T21:27:55 EET" name="Checkbox" description="Checkbox" finished-at="2025-01-24T21:27:55 EET" duration-ms="367" status="PASS">
          <reporter-output>
          </reporter-output>
        </test-method> <!-- Checkbox -->
        <test-method is-config="true" signature="BeforeAnyTest()[pri:0, instance:MyTestCases.MainTest@73a2e526]" started-at="2025-01-24T21:27:55 EET" name="BeforeAnyTest" finished-at="2025-01-24T21:27:57 EET" duration-ms="2014" status="PASS">
          <reporter-output>
          </reporter-output>
        </test-method> <!-- BeforeAnyTest -->
        <test-method signature="DynamicDropdown()[pri:3, instance:MyTestCases.MainTest@73a2e526]" started-at="2025-01-24T21:27:57 EET" name="DynamicDropdown" description="Dynamic Dropdown" finished-at="2025-01-24T21:28:00 EET" duration-ms="2402" status="PASS">
          <reporter-output>
          </reporter-output>
        </test-method> <!-- DynamicDropdown -->
        <test-method is-config="true" signature="BeforeAnyTest()[pri:0, instance:MyTestCases.MainTest@73a2e526]" started-at="2025-01-24T21:28:00 EET" name="BeforeAnyTest" finished-at="2025-01-24T21:28:02 EET" duration-ms="2013" status="PASS">
          <reporter-output>
          </reporter-output>
        </test-method> <!-- BeforeAnyTest -->
        <test-method signature="StaticDropdown()[pri:4, instance:MyTestCases.MainTest@73a2e526]" started-at="2025-01-24T21:28:02 EET" name="StaticDropdown" description="Static Dropdown" finished-at="2025-01-24T21:28:02 EET" duration-ms="652" status="PASS">
          <reporter-output>
          </reporter-output>
        </test-method> <!-- StaticDropdown -->
        <test-method is-config="true" signature="BeforeAnyTest()[pri:0, instance:MyTestCases.MainTest@73a2e526]" started-at="2025-01-24T21:28:02 EET" name="BeforeAnyTest" finished-at="2025-01-24T21:28:04 EET" duration-ms="2005" status="PASS">
          <reporter-output>
          </reporter-output>
        </test-method> <!-- BeforeAnyTest -->
        <test-method signature="SwitchWindow()[pri:5, instance:MyTestCases.MainTest@73a2e526]" started-at="2025-01-24T21:28:04 EET" name="SwitchWindow" description="Switch Window " finished-at="2025-01-24T21:28:17 EET" duration-ms="12789" status="PASS">
          <reporter-output>
          </reporter-output>
        </test-method> <!-- SwitchWindow -->
        <test-method is-config="true" signature="BeforeAnyTest()[pri:0, instance:MyTestCases.MainTest@73a2e526]" started-at="2025-01-24T21:28:17 EET" name="BeforeAnyTest" finished-at="2025-01-24T21:28:19 EET" duration-ms="2009" status="PASS">
          <reporter-output>
          </reporter-output>
        </test-method> <!-- BeforeAnyTest -->
        <test-method signature="SwitchTab()[pri:6, instance:MyTestCases.MainTest@73a2e526]" started-at="2025-01-24T21:28:19 EET" name="SwitchTab" description="Switch Tab " finished-at="2025-01-24T21:28:20 EET" duration-ms="717" status="PASS">
          <reporter-output>
          </reporter-output>
        </test-method> <!-- SwitchTab -->
        <test-method is-config="true" signature="BeforeAnyTest()[pri:0, instance:MyTestCases.MainTest@73a2e526]" started-at="2025-01-24T21:28:20 EET" name="BeforeAnyTest" finished-at="2025-01-24T21:28:22 EET" duration-ms="2004" status="PASS">
          <reporter-output>
          </reporter-output>
        </test-method> <!-- BeforeAnyTest -->
        <test-method signature="SwitchAlert()[pri:7, instance:MyTestCases.MainTest@73a2e526]" started-at="2025-01-24T21:28:22 EET" name="SwitchAlert" description="Switch To Alert " finished-at="2025-01-24T21:28:23 EET" duration-ms="895" status="PASS">
          <reporter-output>
          </reporter-output>
        </test-method> <!-- SwitchAlert -->
        <test-method is-config="true" signature="BeforeAnyTest()[pri:0, instance:MyTestCases.MainTest@73a2e526]" started-at="2025-01-24T21:28:23 EET" name="BeforeAnyTest" finished-at="2025-01-24T21:28:25 EET" duration-ms="2007" status="PASS">
          <reporter-output>
          </reporter-output>
        </test-method> <!-- BeforeAnyTest -->
        <test-method signature="Calendar()[pri:9, instance:MyTestCases.MainTest@73a2e526]" started-at="2025-01-24T21:28:25 EET" name="Calendar" description="Calendar/open calendar in a new tab " finished-at="2025-01-24T21:28:29 EET" duration-ms="4186" status="PASS">
          <reporter-output>
          </reporter-output>
        </test-method> <!-- Calendar -->
        <test-method is-config="true" signature="BeforeAnyTest()[pri:0, instance:MyTestCases.MainTest@73a2e526]" started-at="2025-01-24T21:28:29 EET" name="BeforeAnyTest" finished-at="2025-01-24T21:28:31 EET" duration-ms="2002" status="PASS">
          <reporter-output>
          </reporter-output>
        </test-method> <!-- BeforeAnyTest -->
        <test-method signature="ElementDisplaye()[pri:10, instance:MyTestCases.MainTest@73a2e526]" started-at="2025-01-24T21:28:31 EET" name="ElementDisplaye" description=" Hide and Show buttons" finished-at="2025-01-24T21:28:32 EET" duration-ms="617" status="PASS">
          <reporter-output>
          </reporter-output>
        </test-method> <!-- ElementDisplaye -->
        <test-method is-config="true" signature="BeforeAnyTest()[pri:0, instance:MyTestCases.MainTest@73a2e526]" started-at="2025-01-24T21:28:32 EET" name="BeforeAnyTest" finished-at="2025-01-24T21:28:34 EET" duration-ms="2010" status="PASS">
          <reporter-output>
          </reporter-output>
        </test-method> <!-- BeforeAnyTest -->
        <test-method signature="EnabledDisabled()[pri:11, instance:MyTestCases.MainTest@73a2e526]" started-at="2025-01-24T21:28:34 EET" name="EnabledDisabled" description="Enabled/Disabled Example" finished-at="2025-01-24T21:28:34 EET" duration-ms="780" status="PASS">
          <reporter-output>
          </reporter-output>
        </test-method> <!-- EnabledDisabled -->
        <test-method is-config="true" signature="BeforeAnyTest()[pri:0, instance:MyTestCases.MainTest@73a2e526]" started-at="2025-01-24T21:28:34 EET" name="BeforeAnyTest" finished-at="2025-01-24T21:28:36 EET" duration-ms="2003" status="PASS">
          <reporter-output>
          </reporter-output>
        </test-method> <!-- BeforeAnyTest -->
        <test-method signature="MouseHover()[pri:12, instance:MyTestCases.MainTest@73a2e526]" started-at="2025-01-24T21:28:36 EET" name="MouseHover" description="The hover to certain elemente" finished-at="2025-01-24T21:28:43 EET" duration-ms="6482" status="PASS">
          <reporter-output>
          </reporter-output>
        </test-method> <!-- MouseHover -->
        <test-method is-config="true" signature="BeforeAnyTest()[pri:0, instance:MyTestCases.MainTest@73a2e526]" started-at="2025-01-24T21:28:43 EET" name="BeforeAnyTest" finished-at="2025-01-24T21:28:45 EET" duration-ms="2015" status="PASS">
          <reporter-output>
          </reporter-output>
        </test-method> <!-- BeforeAnyTest -->
        <test-method signature="iFrame()[pri:13, instance:MyTestCases.MainTest@73a2e526]" started-at="2025-01-24T21:28:45 EET" name="iFrame" description="Switch to iFrame inside the main page" finished-at="2025-01-24T21:28:45 EET" duration-ms="109" status="PASS">
          <reporter-output>
          </reporter-output>
        </test-method> <!-- iFrame -->
        <test-method is-config="true" signature="AfterTheTestEnd()[pri:0, instance:MyTestCases.MainTest@73a2e526]" started-at="2025-01-24T21:28:45 EET" name="AfterTheTestEnd" finished-at="2025-01-24T21:28:49 EET" duration-ms="4330" status="PASS">
          <reporter-output>
          </reporter-output>
        </test-method> <!-- AfterTheTestEnd -->
      </class> <!-- MyTestCases.MainTest -->
    </test> <!-- Default test -->
  </suite> <!-- Default suite -->
</testng-results>
